<?xml version="1.0" encoding="UTF-8"?>
<!-- Generated by org.testng.reporters.JUnitReportReporter -->
<testsuite hostname="DESKTOP-J6EFUU9" failures="0" tests="30" name="OMS_Test.OMS_STORI_Test" time="99.999" errors="0" timestamp="2022-06-13T06:29:48 GMT-07:00" skipped="0">
  <testcase classname="OMS_Test.OMS_STORI_Test" name="loginfunction" time="0.374"/>
  <system-out/>
  <testcase classname="OMS_Test.OMS_STORI_Test" name="loginfunction" time="0.526"/>
  <system-out/>
  <testcase classname="OMS_Test.OMS_STORI_Test" name="loginfunction" time="0.410"/>
  <system-out/>
  <testcase classname="OMS_Test.OMS_STORI_Test" name="loginfunction" time="0.470"/>
  <system-out/>
  <testcase classname="OMS_Test.OMS_STORI_Test" name="loginfunction" time="0.422"/>
  <system-out/>
  <testcase classname="OMS_Test.OMS_STORI_Test" name="loginfunction" time="0.463"/>
  <system-out/>
  <testcase classname="OMS_Test.OMS_STORI_Test" name="loginfunction" time="0.579"/>
  <system-out/>
  <testcase classname="OMS_Test.OMS_STORI_Test" name="loginTest" time="0.182"/>
  <system-out/>
  <testcase classname="OMS_Test.OMS_STORI_Test" name="Manageorder_Test" time="0.940"/>
  <system-out/>
  <testcase classname="OMS_Test.OMS_STORI_Test" name="Createorder_Test" time="51.805"/>
  <system-out/>
  <testcase classname="OMS_Test.OMS_STORI_Test" name="OMSFindOrdersDisplayTest" time="0.615"/>
  <system-out/>
  <testcase classname="OMS_Test.OMS_STORI_Test" name="CustomerReferenceTest" time="3.841"/>
  <system-out/>
  <testcase classname="OMS_Test.OMS_STORI_Test" name="OrderTypeTest" time="2.822"/>
  <system-out/>
  <testcase classname="OMS_Test.OMS_STORI_Test" name="OrderStatusTest" time="3.101"/>
  <system-out/>
  <testcase classname="OMS_Test.OMS_STORI_Test" name="OrderGroupsTest" time="0.416"/>
  <system-out/>
  <testcase classname="OMS_Test.OMS_STORI_Test" name="OrderlabelTest" time="0.345"/>
  <system-out/>
  <testcase classname="OMS_Test.OMS_STORI_Test" name="SalesChannelTest" time="1.551"/>
  <system-out/>
  <testcase classname="OMS_Test.OMS_STORI_Test" name="DeliveryChannelTest" time="3.177"/>
  <system-out/>
  <testcase classname="OMS_Test.OMS_STORI_Test" name="DispatchDateTest" time="3.135"/>
  <system-out/>
  <testcase classname="OMS_Test.OMS_STORI_Test" name="DeliveryDateTest" time="2.650"/>
  <system-out/>
  <testcase classname="OMS_Test.OMS_STORI_Test" name="OrderEntityAssigneeNamesTest" time="2.391"/>
  <system-out/>
  <testcase classname="OMS_Test.OMS_STORI_Test" name="OrderPaymentStatusTest" time="1.681"/>
  <system-out/>
  <testcase classname="OMS_Test.OMS_STORI_Test" name="OrderTagTest" time="3.290"/>
  <system-out/>
  <testcase classname="OMS_Test.OMS_STORI_Test" name="OrderFulfillmentCenterTest" time="1.214"/>
  <system-out/>
  <testcase classname="OMS_Test.OMS_STORI_Test" name="OrderDisplayNameTest" time="3.037"/>
  <system-out/>
  <testcase classname="OMS_Test.OMS_STORI_Test" name="ExcelTest" time="0.960"/>
  <system-out/>
  <testcase classname="OMS_Test.OMS_STORI_Test" name="OrderEditTest" time="4.087"/>
  <system-out/>
  <testcase classname="OMS_Test.OMS_STORI_Test" name="OrderCancelAndRejectTest" time="3.896"/>
  <system-out/>
  <testcase classname="OMS_Test.OMS_STORI_Test" name="NavigateToSalesOrdersTest" time="0.297"/>
  <system-out/>
  <testcase classname="OMS_Test.OMS_STORI_Test" name="OMSSalesOrdersTest" time="1.322"/>
  <system-out/>
</testsuite> <!-- OMS_Test.OMS_STORI_Test -->
